System running and waiting for incoming requests... 
[I] incoming request from  (biskuik) | command: heya 
[I] incoming request from  (biskuik) | command: /cat 
[O] delivering image to biskuik 
[I] incoming request from  (biskuik) | command: /usd 
System running and waiting for incoming requests... 
[I] incoming request from  (undefined) | command: /start 
[I] incoming request from  (undefined) | command: /cat 
[O] delivering image to undefined 
[I] incoming request from  (undefined) | command: /usd 
[I] incoming request from  (undefined) | command: 不不不不不不不不 
[I] incoming request from  (undefined) | command: /cat 
[O] delivering image to undefined 
[I] incoming request from  (undefined) | command: /cat 
[O] delivering image to undefined 
System running and waiting for incoming requests... 
[I] incoming request from  (biskuik) | command: /cat 
[O] delivering image to biskuik 
System running and waiting for incoming requests... 
System running and waiting for incoming requests... 
[I] incoming request from  (biskuik) | command: /cat 
[O] delivering image to biskuik 
[I] incoming request from  (biskuik) | command: /usd 
[I] incoming request from  (biskuik) | command: /start 
[I] incoming request from  (biskuik) | command: /cat 
[O] delivering image to biskuik 
[I] incoming request from  (biskuik) | command: /usd 
[I] incoming request from  (biskuik) | command: /cat 
[O] delivering image to biskuik 
System running and waiting for incoming requests... 
[I] incoming request from  (biskuik) | command: /cat 
[O] delivering image to biskuik 
[I] incoming request from  (biskuik) | command: /help 
[I] incoming request from  (biskuik) | command: /start 
